[perf] run_dir=perf-results/2026-03-09/before/android/115706
[perf] label=before
[perf] building benchmark APK
> Task :gradle-plugin:settings-plugin:checkKotlinGradlePluginConfigurationErrors SKIPPED
> Task :gradle-plugin:shared:checkKotlinGradlePluginConfigurationErrors SKIPPED
> Task :gradle-plugin:shared:compileKotlin UP-TO-DATE
> Task :gradle-plugin:shared:compileJava NO-SOURCE
> Task :gradle-plugin:shared:processResources NO-SOURCE
> Task :gradle-plugin:shared:classes UP-TO-DATE
> Task :gradle-plugin:shared:jar UP-TO-DATE
> Task :gradle-plugin:settings-plugin:compileKotlin UP-TO-DATE
> Task :gradle-plugin:settings-plugin:compileJava NO-SOURCE
> Task :gradle-plugin:settings-plugin:pluginDescriptors UP-TO-DATE
> Task :gradle-plugin:settings-plugin:processResources UP-TO-DATE
> Task :gradle-plugin:settings-plugin:classes UP-TO-DATE
> Task :gradle-plugin:settings-plugin:jar UP-TO-DATE
> Task :gradle-plugin:react-native-gradle-plugin:checkKotlinGradlePluginConfigurationErrors SKIPPED
> Task :gradle-plugin:react-native-gradle-plugin:compileKotlin UP-TO-DATE
> Task :gradle-plugin:react-native-gradle-plugin:compileJava NO-SOURCE
> Task :gradle-plugin:react-native-gradle-plugin:pluginDescriptors UP-TO-DATE
> Task :gradle-plugin:react-native-gradle-plugin:processResources UP-TO-DATE
> Task :gradle-plugin:react-native-gradle-plugin:classes UP-TO-DATE
> Task :gradle-plugin:react-native-gradle-plugin:jar UP-TO-DATE

> Configure project :app
Reading env from: .env

> Task :app:generateAutolinkingNewArchitectureFiles UP-TO-DATE
> Task :app:generateAutolinkingPackageList UP-TO-DATE
> Task :app:generateCodegenSchemaFromJavaScript SKIPPED
> Task :app:generateCodegenArtifactsFromSchema SKIPPED
> Task :app:generateReactNativeEntryPoint UP-TO-DATE
> Task :react-native-async-storage_async-storage:generateCodegenSchemaFromJavaScript UP-TO-DATE
> Task :react-native-async-storage_async-storage:generateCodegenArtifactsFromSchema UP-TO-DATE
> Task :react-native-async-storage_async-storage:preBuild UP-TO-DATE
> Task :react-native-background-fetch:preBuild UP-TO-DATE
> Task :react-native-community_netinfo:generateCodegenSchemaFromJavaScript UP-TO-DATE
> Task :react-native-community_netinfo:generateCodegenArtifactsFromSchema UP-TO-DATE
> Task :react-native-community_netinfo:preBuild UP-TO-DATE
> Task :react-native-config:generateCodegenSchemaFromJavaScript UP-TO-DATE
> Task :react-native-config:generateCodegenArtifactsFromSchema UP-TO-DATE
> Task :react-native-config:preBuild UP-TO-DATE
> Task :react-native-device-info:preBuild UP-TO-DATE
> Task :react-native-gesture-handler:generateCodegenSchemaFromJavaScript UP-TO-DATE
> Task :react-native-gesture-handler:generateCodegenArtifactsFromSchema UP-TO-DATE
> Task :react-native-gesture-handler:preBuild UP-TO-DATE
> Task :react-native-in-app-review:preBuild UP-TO-DATE
> Task :react-native-keychain:generateCodegenSchemaFromJavaScript UP-TO-DATE
> Task :react-native-keychain:generateCodegenArtifactsFromSchema UP-TO-DATE
> Task :react-native-keychain:preBuild UP-TO-DATE
> Task :react-native-localize:generateCodegenSchemaFromJavaScript UP-TO-DATE
> Task :react-native-localize:generateCodegenArtifactsFromSchema UP-TO-DATE
> Task :react-native-localize:preBuild UP-TO-DATE
> Task :react-native-permissions:generateCodegenSchemaFromJavaScript UP-TO-DATE
> Task :react-native-permissions:generateCodegenArtifactsFromSchema UP-TO-DATE
> Task :react-native-permissions:preBuild UP-TO-DATE
> Task :react-native-reanimated:assertMinimalReactNativeVersionTask
> Task :react-native-reanimated:assertNewArchitectureEnabledTask SKIPPED
> Task :react-native-reanimated:assertWorkletsVersionTask
> Task :react-native-reanimated:generateCodegenSchemaFromJavaScript UP-TO-DATE
> Task :react-native-reanimated:generateCodegenArtifactsFromSchema UP-TO-DATE
> Task :react-native-reanimated:prepareReanimatedHeadersForPrefabs UP-TO-DATE
> Task :react-native-reanimated:preBuild
> Task :react-native-safe-area-context:generateCodegenSchemaFromJavaScript UP-TO-DATE
> Task :react-native-safe-area-context:generateCodegenArtifactsFromSchema UP-TO-DATE
> Task :react-native-safe-area-context:preBuild UP-TO-DATE
> Task :react-native-screens:generateCodegenSchemaFromJavaScript UP-TO-DATE
> Task :react-native-screens:generateCodegenArtifactsFromSchema UP-TO-DATE
> Task :react-native-screens:preBuild UP-TO-DATE
> Task :react-native-ssl-public-key-pinning:generateCodegenSchemaFromJavaScript UP-TO-DATE
> Task :react-native-ssl-public-key-pinning:generateCodegenArtifactsFromSchema UP-TO-DATE
> Task :react-native-ssl-public-key-pinning:preBuild UP-TO-DATE
> Task :react-native-svg:generateCodegenSchemaFromJavaScript UP-TO-DATE
> Task :react-native-svg:generateCodegenArtifactsFromSchema UP-TO-DATE
> Task :react-native-svg:preBuild UP-TO-DATE
> Task :react-native-vector-icons:generateCodegenSchemaFromJavaScript UP-TO-DATE
> Task :react-native-vector-icons:generateCodegenArtifactsFromSchema UP-TO-DATE
> Task :react-native-vector-icons:preBuild UP-TO-DATE
> Task :react-native-worklets:assertMinimalReactNativeVersionTask
> Task :react-native-worklets:assertNewArchitectureEnabledTask SKIPPED
> Task :react-native-worklets:generateCodegenSchemaFromJavaScript UP-TO-DATE
> Task :react-native-worklets:generateCodegenArtifactsFromSchema UP-TO-DATE
> Task :react-native-worklets:prepareWorkletsHeadersForPrefabs UP-TO-DATE
> Task :react-native-worklets:preBuild
> Task :app:preBuild
> Task :app:preBenchmarkBuild
> Task :react-native-reanimated:preReleaseBuild
> Task :react-native-worklets:preReleaseBuild
> Task :react-native-worklets:configureCMakeRelWithDebInfo[arm64-v8a]
> Task :react-native-worklets:buildCMakeRelWithDebInfo[arm64-v8a][worklets]
> Task :react-native-worklets:configureCMakeRelWithDebInfo[armeabi-v7a]
> Task :react-native-worklets:buildCMakeRelWithDebInfo[armeabi-v7a][worklets]
> Task :react-native-worklets:configureCMakeRelWithDebInfo[x86]
> Task :react-native-worklets:buildCMakeRelWithDebInfo[x86][worklets]
> Task :react-native-worklets:configureCMakeRelWithDebInfo[x86_64]
> Task :react-native-worklets:buildCMakeRelWithDebInfo[x86_64][worklets]
> Task :react-native-worklets:externalNativeBuildRelease
> Task :react-native-worklets:generateJsonModelRelease
> Task :react-native-worklets:prefabReleaseConfigurePackage
> Task :react-native-reanimated:configureCMakeRelWithDebInfo[arm64-v8a]
> Task :react-native-reanimated:configureCMakeRelWithDebInfo[armeabi-v7a]
> Task :react-native-reanimated:configureCMakeRelWithDebInfo[x86]
> Task :react-native-reanimated:configureCMakeRelWithDebInfo[x86_64]
> Task :react-native-reanimated:generateJsonModelRelease
> Task :react-native-reanimated:prefabReleaseConfigurePackage
> Task :app:configureCMakeRelWithDebInfo[arm64-v8a]
> Task :react-native-worklets:prefabReleasePackage
> Task :react-native-reanimated:buildCMakeRelWithDebInfo[arm64-v8a][reanimated]
> Task :react-native-reanimated:buildCMakeRelWithDebInfo[armeabi-v7a][reanimated]
> Task :react-native-reanimated:buildCMakeRelWithDebInfo[x86][reanimated]
> Task :react-native-reanimated:buildCMakeRelWithDebInfo[x86_64][reanimated]
> Task :react-native-worklets:mergeReleaseJniLibFolders
> Task :react-native-worklets:mergeReleaseNativeLibs
> Task :app:configureCMakeRelWithDebInfo[armeabi-v7a]
> Task :react-native-worklets:copyReleaseJniLibsProjectOnly
> Task :app:configureCMakeRelWithDebInfo[x86]
> Task :react-native-reanimated:externalNativeBuildRelease
> Task :react-native-reanimated:prefabReleasePackage
> Task :app:buildCMakeRelWithDebInfo[arm64-v8a]
> Task :app:buildCMakeRelWithDebInfo[armeabi-v7a]
> Task :app:buildCMakeRelWithDebInfo[x86]
> Task :app:configureCMakeRelWithDebInfo[x86_64]
> Task :app:buildCMakeRelWithDebInfo[x86_64]
> Task :app:mergeBenchmarkJniLibFolders
> Task :react-native-async-storage_async-storage:preReleaseBuild UP-TO-DATE
> Task :react-native-async-storage_async-storage:mergeReleaseJniLibFolders
> Task :react-native-async-storage_async-storage:mergeReleaseNativeLibs NO-SOURCE
> Task :react-native-background-fetch:preReleaseBuild UP-TO-DATE
> Task :react-native-async-storage_async-storage:copyReleaseJniLibsProjectOnly
> Task :react-native-background-fetch:mergeReleaseJniLibFolders
> Task :react-native-background-fetch:mergeReleaseNativeLibs NO-SOURCE
> Task :react-native-community_netinfo:preReleaseBuild UP-TO-DATE
> Task :react-native-background-fetch:copyReleaseJniLibsProjectOnly
> Task :react-native-community_netinfo:mergeReleaseJniLibFolders
> Task :react-native-community_netinfo:mergeReleaseNativeLibs NO-SOURCE
> Task :react-native-config:preReleaseBuild UP-TO-DATE
> Task :react-native-community_netinfo:copyReleaseJniLibsProjectOnly
> Task :react-native-config:mergeReleaseJniLibFolders
> Task :react-native-config:mergeReleaseNativeLibs NO-SOURCE
> Task :react-native-device-info:preReleaseBuild UP-TO-DATE
> Task :react-native-config:copyReleaseJniLibsProjectOnly
> Task :react-native-device-info:mergeReleaseJniLibFolders
> Task :react-native-device-info:mergeReleaseNativeLibs NO-SOURCE
> Task :react-native-gesture-handler:preReleaseBuild UP-TO-DATE
> Task :react-native-device-info:copyReleaseJniLibsProjectOnly
> Task :react-native-gesture-handler:configureCMakeRelWithDebInfo[arm64-v8a]
> Task :react-native-gesture-handler:buildCMakeRelWithDebInfo[arm64-v8a]
> Task :react-native-gesture-handler:configureCMakeRelWithDebInfo[armeabi-v7a]
> Task :react-native-gesture-handler:buildCMakeRelWithDebInfo[armeabi-v7a]
> Task :react-native-gesture-handler:configureCMakeRelWithDebInfo[x86]
> Task :react-native-gesture-handler:buildCMakeRelWithDebInfo[x86]
> Task :react-native-gesture-handler:configureCMakeRelWithDebInfo[x86_64]
> Task :react-native-gesture-handler:buildCMakeRelWithDebInfo[x86_64]
> Task :react-native-gesture-handler:mergeReleaseJniLibFolders
> Task :react-native-in-app-review:preReleaseBuild UP-TO-DATE
> Task :react-native-in-app-review:mergeReleaseJniLibFolders
> Task :react-native-in-app-review:mergeReleaseNativeLibs NO-SOURCE
> Task :react-native-gesture-handler:mergeReleaseNativeLibs
> Task :react-native-in-app-review:copyReleaseJniLibsProjectOnly
> Task :react-native-keychain:preReleaseBuild UP-TO-DATE
> Task :react-native-keychain:mergeReleaseJniLibFolders
> Task :react-native-gesture-handler:copyReleaseJniLibsProjectOnly
> Task :react-native-keychain:mergeReleaseNativeLibs NO-SOURCE
> Task :react-native-localize:preReleaseBuild UP-TO-DATE
> Task :react-native-keychain:copyReleaseJniLibsProjectOnly
> Task :react-native-localize:mergeReleaseJniLibFolders
> Task :react-native-localize:mergeReleaseNativeLibs NO-SOURCE
> Task :react-native-permissions:preReleaseBuild UP-TO-DATE
> Task :react-native-localize:copyReleaseJniLibsProjectOnly
> Task :react-native-permissions:mergeReleaseJniLibFolders
> Task :react-native-permissions:mergeReleaseNativeLibs NO-SOURCE
> Task :react-native-permissions:copyReleaseJniLibsProjectOnly
> Task :react-native-reanimated:mergeReleaseJniLibFolders
> Task :react-native-safe-area-context:preReleaseBuild UP-TO-DATE
> Task :react-native-safe-area-context:mergeReleaseJniLibFolders
> Task :react-native-safe-area-context:mergeReleaseNativeLibs NO-SOURCE
> Task :react-native-screens:preReleaseBuild UP-TO-DATE
> Task :react-native-safe-area-context:copyReleaseJniLibsProjectOnly
> Task :react-native-reanimated:mergeReleaseNativeLibs
> Task :react-native-screens:configureCMakeRelWithDebInfo[arm64-v8a]
> Task :react-native-reanimated:copyReleaseJniLibsProjectOnly
> Task :react-native-screens:buildCMakeRelWithDebInfo[arm64-v8a]
> Task :react-native-screens:configureCMakeRelWithDebInfo[armeabi-v7a]
> Task :react-native-screens:buildCMakeRelWithDebInfo[armeabi-v7a]
> Task :react-native-screens:configureCMakeRelWithDebInfo[x86]
> Task :react-native-screens:buildCMakeRelWithDebInfo[x86]
> Task :react-native-screens:configureCMakeRelWithDebInfo[x86_64]
> Task :react-native-screens:buildCMakeRelWithDebInfo[x86_64]
> Task :react-native-screens:mergeReleaseJniLibFolders
> Task :react-native-ssl-public-key-pinning:preReleaseBuild UP-TO-DATE
> Task :react-native-ssl-public-key-pinning:mergeReleaseJniLibFolders
> Task :react-native-ssl-public-key-pinning:mergeReleaseNativeLibs NO-SOURCE
> Task :react-native-svg:preReleaseBuild UP-TO-DATE
> Task :react-native-ssl-public-key-pinning:copyReleaseJniLibsProjectOnly
> Task :react-native-svg:mergeReleaseJniLibFolders
> Task :react-native-svg:mergeReleaseNativeLibs NO-SOURCE
> Task :react-native-screens:mergeReleaseNativeLibs
> Task :react-native-svg:copyReleaseJniLibsProjectOnly
> Task :react-native-vector-icons:preReleaseBuild UP-TO-DATE
> Task :react-native-vector-icons:mergeReleaseJniLibFolders
> Task :react-native-vector-icons:mergeReleaseNativeLibs NO-SOURCE
> Task :react-native-screens:copyReleaseJniLibsProjectOnly
> Task :react-native-vector-icons:copyReleaseJniLibsProjectOnly
> Task :react-native-gesture-handler:checkKotlinGradlePluginConfigurationErrors SKIPPED
> Task :react-native-gesture-handler:generateReleaseBuildConfig UP-TO-DATE
> Task :react-native-gesture-handler:generateReleaseResValues UP-TO-DATE
> Task :react-native-gesture-handler:generateReleaseResources UP-TO-DATE
> Task :react-native-gesture-handler:packageReleaseResources UP-TO-DATE
> Task :react-native-gesture-handler:parseReleaseLocalResources UP-TO-DATE
> Task :react-native-gesture-handler:generateReleaseRFile UP-TO-DATE
> Task :react-native-reanimated:generateReleaseBuildConfig UP-TO-DATE
> Task :react-native-reanimated:generateReleaseResValues UP-TO-DATE
> Task :react-native-reanimated:generateReleaseResources UP-TO-DATE
> Task :react-native-reanimated:packageReleaseResources UP-TO-DATE
> Task :react-native-reanimated:parseReleaseLocalResources UP-TO-DATE
> Task :react-native-reanimated:generateReleaseRFile UP-TO-DATE
> Task :react-native-reanimated:javaPreCompileRelease UP-TO-DATE
> Task :react-native-worklets:generateReleaseBuildConfig UP-TO-DATE
> Task :react-native-worklets:generateReleaseResValues UP-TO-DATE
> Task :react-native-worklets:generateReleaseResources UP-TO-DATE
> Task :react-native-worklets:packageReleaseResources UP-TO-DATE
> Task :react-native-worklets:parseReleaseLocalResources UP-TO-DATE
> Task :react-native-worklets:generateReleaseRFile UP-TO-DATE
> Task :react-native-worklets:javaPreCompileRelease UP-TO-DATE
> Task :react-native-worklets:compileReleaseJavaWithJavac UP-TO-DATE
> Task :react-native-worklets:bundleLibCompileToJarRelease UP-TO-DATE
> Task :react-native-reanimated:compileReleaseJavaWithJavac UP-TO-DATE
> Task :react-native-reanimated:bundleLibCompileToJarRelease UP-TO-DATE
> Task :react-native-svg:generateReleaseBuildConfig UP-TO-DATE
> Task :react-native-svg:generateReleaseResValues UP-TO-DATE
> Task :react-native-svg:generateReleaseResources UP-TO-DATE
> Task :react-native-svg:packageReleaseResources UP-TO-DATE
> Task :react-native-svg:parseReleaseLocalResources UP-TO-DATE
> Task :react-native-svg:generateReleaseRFile UP-TO-DATE
> Task :react-native-svg:javaPreCompileRelease UP-TO-DATE
> Task :react-native-svg:compileReleaseJavaWithJavac UP-TO-DATE
> Task :react-native-svg:bundleLibCompileToJarRelease UP-TO-DATE
> Task :react-native-gesture-handler:compileReleaseKotlin UP-TO-DATE
> Task :react-native-gesture-handler:javaPreCompileRelease UP-TO-DATE
> Task :react-native-gesture-handler:compileReleaseJavaWithJavac UP-TO-DATE
> Task :react-native-gesture-handler:mergeReleaseGeneratedProguardFiles UP-TO-DATE
> Task :react-native-gesture-handler:exportReleaseConsumerProguardFiles UP-TO-DATE
> Task :react-native-keychain:checkKotlinGradlePluginConfigurationErrors SKIPPED
> Task :react-native-keychain:generateReleaseBuildConfig UP-TO-DATE
> Task :react-native-keychain:generateReleaseResValues UP-TO-DATE
> Task :react-native-keychain:generateReleaseResources UP-TO-DATE
> Task :react-native-keychain:packageReleaseResources UP-TO-DATE
> Task :react-native-keychain:parseReleaseLocalResources UP-TO-DATE
> Task :react-native-keychain:generateReleaseRFile UP-TO-DATE
> Task :react-native-keychain:compileReleaseKotlin UP-TO-DATE
> Task :react-native-keychain:javaPreCompileRelease UP-TO-DATE
> Task :react-native-keychain:compileReleaseJavaWithJavac UP-TO-DATE
> Task :react-native-keychain:mergeReleaseGeneratedProguardFiles UP-TO-DATE
> Task :react-native-keychain:exportReleaseConsumerProguardFiles UP-TO-DATE
> Task :react-native-localize:checkKotlinGradlePluginConfigurationErrors SKIPPED
> Task :react-native-localize:generateReleaseBuildConfig UP-TO-DATE
> Task :react-native-localize:generateReleaseResValues UP-TO-DATE
> Task :react-native-localize:generateReleaseResources UP-TO-DATE
> Task :react-native-localize:packageReleaseResources UP-TO-DATE
> Task :react-native-localize:parseReleaseLocalResources UP-TO-DATE
> Task :react-native-localize:generateReleaseRFile UP-TO-DATE
> Task :react-native-localize:compileReleaseKotlin UP-TO-DATE
> Task :react-native-localize:javaPreCompileRelease UP-TO-DATE
> Task :react-native-localize:compileReleaseJavaWithJavac UP-TO-DATE
> Task :react-native-localize:mergeReleaseGeneratedProguardFiles UP-TO-DATE
> Task :react-native-localize:exportReleaseConsumerProguardFiles UP-TO-DATE
> Task :react-native-permissions:checkKotlinGradlePluginConfigurationErrors SKIPPED
> Task :react-native-permissions:generateReleaseBuildConfig UP-TO-DATE
> Task :react-native-permissions:generateReleaseResValues UP-TO-DATE
> Task :react-native-permissions:generateReleaseResources UP-TO-DATE
> Task :react-native-permissions:packageReleaseResources UP-TO-DATE
> Task :react-native-permissions:parseReleaseLocalResources UP-TO-DATE
> Task :react-native-permissions:generateReleaseRFile UP-TO-DATE
> Task :react-native-permissions:compileReleaseKotlin UP-TO-DATE
> Task :react-native-permissions:javaPreCompileRelease UP-TO-DATE
> Task :react-native-permissions:compileReleaseJavaWithJavac UP-TO-DATE
> Task :react-native-permissions:mergeReleaseGeneratedProguardFiles UP-TO-DATE
> Task :react-native-permissions:exportReleaseConsumerProguardFiles UP-TO-DATE
> Task :react-native-safe-area-context:checkKotlinGradlePluginConfigurationErrors SKIPPED
> Task :react-native-safe-area-context:generateReleaseBuildConfig UP-TO-DATE
> Task :react-native-safe-area-context:generateReleaseResValues UP-TO-DATE
> Task :react-native-safe-area-context:generateReleaseResources UP-TO-DATE
> Task :react-native-safe-area-context:packageReleaseResources UP-TO-DATE
> Task :react-native-safe-area-context:parseReleaseLocalResources UP-TO-DATE
> Task :react-native-safe-area-context:generateReleaseRFile UP-TO-DATE
> Task :react-native-safe-area-context:compileReleaseKotlin UP-TO-DATE
> Task :react-native-safe-area-context:javaPreCompileRelease UP-TO-DATE
> Task :react-native-safe-area-context:compileReleaseJavaWithJavac UP-TO-DATE
> Task :react-native-safe-area-context:mergeReleaseGeneratedProguardFiles UP-TO-DATE
> Task :react-native-safe-area-context:exportReleaseConsumerProguardFiles UP-TO-DATE
> Task :react-native-screens:checkKotlinGradlePluginConfigurationErrors SKIPPED
> Task :react-native-screens:generateReleaseBuildConfig UP-TO-DATE
> Task :react-native-screens:generateReleaseResValues UP-TO-DATE
> Task :react-native-screens:generateReleaseResources UP-TO-DATE
> Task :react-native-screens:packageReleaseResources UP-TO-DATE
> Task :react-native-screens:parseReleaseLocalResources UP-TO-DATE
> Task :react-native-screens:generateReleaseRFile UP-TO-DATE
> Task :react-native-screens:compileReleaseKotlin UP-TO-DATE
> Task :react-native-screens:javaPreCompileRelease UP-TO-DATE
> Task :react-native-screens:compileReleaseJavaWithJavac UP-TO-DATE
> Task :react-native-screens:mergeReleaseGeneratedProguardFiles UP-TO-DATE
> Task :react-native-screens:exportReleaseConsumerProguardFiles UP-TO-DATE
> Task :react-native-async-storage_async-storage:generateReleaseBuildConfig UP-TO-DATE
> Task :react-native-async-storage_async-storage:generateReleaseResValues UP-TO-DATE
> Task :react-native-async-storage_async-storage:generateReleaseResources UP-TO-DATE
> Task :react-native-async-storage_async-storage:packageReleaseResources UP-TO-DATE
> Task :react-native-async-storage_async-storage:parseReleaseLocalResources UP-TO-DATE
> Task :react-native-async-storage_async-storage:generateReleaseRFile UP-TO-DATE
> Task :react-native-async-storage_async-storage:javaPreCompileRelease UP-TO-DATE
> Task :react-native-async-storage_async-storage:compileReleaseJavaWithJavac UP-TO-DATE
> Task :react-native-async-storage_async-storage:mergeReleaseGeneratedProguardFiles UP-TO-DATE
> Task :react-native-async-storage_async-storage:exportReleaseConsumerProguardFiles UP-TO-DATE
> Task :react-native-community_netinfo:generateReleaseBuildConfig UP-TO-DATE
> Task :react-native-community_netinfo:generateReleaseResValues UP-TO-DATE
> Task :react-native-community_netinfo:generateReleaseResources UP-TO-DATE
> Task :react-native-community_netinfo:packageReleaseResources UP-TO-DATE
> Task :react-native-community_netinfo:parseReleaseLocalResources UP-TO-DATE
> Task :react-native-community_netinfo:generateReleaseRFile UP-TO-DATE
> Task :react-native-community_netinfo:javaPreCompileRelease UP-TO-DATE
> Task :react-native-community_netinfo:compileReleaseJavaWithJavac UP-TO-DATE
> Task :react-native-community_netinfo:mergeReleaseGeneratedProguardFiles UP-TO-DATE
> Task :react-native-community_netinfo:exportReleaseConsumerProguardFiles UP-TO-DATE
> Task :react-native-background-fetch:generateReleaseBuildConfig UP-TO-DATE
> Task :react-native-background-fetch:generateReleaseResValues UP-TO-DATE
> Task :react-native-background-fetch:generateReleaseResources UP-TO-DATE
> Task :react-native-background-fetch:packageReleaseResources UP-TO-DATE
> Task :react-native-background-fetch:parseReleaseLocalResources UP-TO-DATE
> Task :react-native-background-fetch:generateReleaseRFile UP-TO-DATE
> Task :react-native-background-fetch:javaPreCompileRelease UP-TO-DATE
> Task :react-native-background-fetch:compileReleaseJavaWithJavac UP-TO-DATE
> Task :react-native-background-fetch:mergeReleaseGeneratedProguardFiles UP-TO-DATE
> Task :react-native-background-fetch:exportReleaseConsumerProguardFiles UP-TO-DATE
> Task :react-native-config:generateReleaseBuildConfig UP-TO-DATE
> Task :react-native-config:generateReleaseResValues UP-TO-DATE
> Task :react-native-config:generateReleaseResources UP-TO-DATE
> Task :react-native-config:packageReleaseResources UP-TO-DATE
> Task :react-native-config:parseReleaseLocalResources UP-TO-DATE
> Task :react-native-config:generateReleaseRFile UP-TO-DATE
> Task :react-native-config:javaPreCompileRelease UP-TO-DATE
> Task :react-native-config:compileReleaseJavaWithJavac UP-TO-DATE
> Task :react-native-config:mergeReleaseGeneratedProguardFiles UP-TO-DATE
> Task :react-native-config:exportReleaseConsumerProguardFiles UP-TO-DATE
> Task :react-native-device-info:generateReleaseBuildConfig UP-TO-DATE
> Task :react-native-device-info:generateReleaseResValues UP-TO-DATE
> Task :react-native-device-info:generateReleaseResources UP-TO-DATE
> Task :react-native-device-info:packageReleaseResources UP-TO-DATE
> Task :react-native-device-info:parseReleaseLocalResources UP-TO-DATE
> Task :react-native-device-info:generateReleaseRFile UP-TO-DATE
> Task :react-native-device-info:javaPreCompileRelease UP-TO-DATE
> Task :react-native-device-info:compileReleaseJavaWithJavac UP-TO-DATE
> Task :react-native-device-info:mergeReleaseGeneratedProguardFiles UP-TO-DATE
> Task :react-native-device-info:exportReleaseConsumerProguardFiles UP-TO-DATE
> Task :react-native-in-app-review:generateReleaseBuildConfig UP-TO-DATE
> Task :react-native-in-app-review:generateReleaseResValues UP-TO-DATE
> Task :react-native-in-app-review:generateReleaseResources UP-TO-DATE
> Task :react-native-in-app-review:packageReleaseResources UP-TO-DATE
> Task :react-native-in-app-review:parseReleaseLocalResources UP-TO-DATE
> Task :react-native-in-app-review:generateReleaseRFile UP-TO-DATE
> Task :react-native-in-app-review:javaPreCompileRelease UP-TO-DATE
> Task :react-native-in-app-review:compileReleaseJavaWithJavac UP-TO-DATE
> Task :react-native-in-app-review:mergeReleaseGeneratedProguardFiles UP-TO-DATE
> Task :react-native-in-app-review:exportReleaseConsumerProguardFiles UP-TO-DATE
> Task :react-native-reanimated:mergeReleaseGeneratedProguardFiles UP-TO-DATE
> Task :react-native-reanimated:exportReleaseConsumerProguardFiles UP-TO-DATE
> Task :react-native-ssl-public-key-pinning:generateReleaseBuildConfig UP-TO-DATE
> Task :react-native-ssl-public-key-pinning:generateReleaseResValues UP-TO-DATE
> Task :react-native-ssl-public-key-pinning:generateReleaseResources UP-TO-DATE
> Task :react-native-ssl-public-key-pinning:packageReleaseResources UP-TO-DATE
> Task :react-native-ssl-public-key-pinning:parseReleaseLocalResources UP-TO-DATE
> Task :react-native-ssl-public-key-pinning:generateReleaseRFile UP-TO-DATE
> Task :react-native-ssl-public-key-pinning:javaPreCompileRelease UP-TO-DATE
> Task :react-native-ssl-public-key-pinning:compileReleaseJavaWithJavac UP-TO-DATE
> Task :react-native-ssl-public-key-pinning:mergeReleaseGeneratedProguardFiles UP-TO-DATE
> Task :react-native-ssl-public-key-pinning:exportReleaseConsumerProguardFiles UP-TO-DATE
> Task :react-native-svg:mergeReleaseGeneratedProguardFiles UP-TO-DATE
> Task :react-native-svg:exportReleaseConsumerProguardFiles UP-TO-DATE
> Task :react-native-vector-icons:generateReleaseBuildConfig UP-TO-DATE
> Task :react-native-vector-icons:generateReleaseResValues UP-TO-DATE
> Task :react-native-vector-icons:generateReleaseResources UP-TO-DATE
> Task :react-native-vector-icons:packageReleaseResources UP-TO-DATE
> Task :react-native-vector-icons:parseReleaseLocalResources UP-TO-DATE
> Task :react-native-vector-icons:generateReleaseRFile UP-TO-DATE
> Task :react-native-vector-icons:javaPreCompileRelease UP-TO-DATE
> Task :react-native-vector-icons:compileReleaseJavaWithJavac UP-TO-DATE
> Task :react-native-vector-icons:mergeReleaseGeneratedProguardFiles UP-TO-DATE
> Task :react-native-vector-icons:exportReleaseConsumerProguardFiles UP-TO-DATE
> Task :react-native-worklets:mergeReleaseGeneratedProguardFiles UP-TO-DATE
> Task :react-native-worklets:exportReleaseConsumerProguardFiles UP-TO-DATE
> Task :app:buildKotlinToolingMetadata UP-TO-DATE
> Task :app:checkBenchmarkDuplicateClasses UP-TO-DATE
> Task :app:checkKotlinGradlePluginConfigurationErrors SKIPPED
> Task :app:generateBenchmarkBuildConfig UP-TO-DATE
> Task :react-native-async-storage_async-storage:writeReleaseAarMetadata UP-TO-DATE
> Task :react-native-background-fetch:writeReleaseAarMetadata UP-TO-DATE
> Task :react-native-community_netinfo:writeReleaseAarMetadata UP-TO-DATE
> Task :react-native-config:writeReleaseAarMetadata UP-TO-DATE
> Task :react-native-device-info:writeReleaseAarMetadata UP-TO-DATE
> Task :react-native-gesture-handler:writeReleaseAarMetadata UP-TO-DATE
> Task :react-native-in-app-review:writeReleaseAarMetadata UP-TO-DATE
> Task :react-native-keychain:writeReleaseAarMetadata UP-TO-DATE
> Task :react-native-localize:writeReleaseAarMetadata UP-TO-DATE
> Task :react-native-permissions:writeReleaseAarMetadata UP-TO-DATE
> Task :react-native-reanimated:writeReleaseAarMetadata UP-TO-DATE
> Task :react-native-safe-area-context:writeReleaseAarMetadata UP-TO-DATE
> Task :react-native-screens:writeReleaseAarMetadata UP-TO-DATE
> Task :react-native-ssl-public-key-pinning:writeReleaseAarMetadata UP-TO-DATE
> Task :react-native-svg:writeReleaseAarMetadata UP-TO-DATE
> Task :react-native-vector-icons:writeReleaseAarMetadata UP-TO-DATE
> Task :react-native-worklets:writeReleaseAarMetadata UP-TO-DATE
> Task :app:checkBenchmarkAarMetadata UP-TO-DATE

> Task :app:createBundleBenchmarkJsAndAssets

                        ▒▒▓▓▓▓▒▒
                     ▒▓▓▓▒▒░░▒▒▓▓▓▒
                  ▒▓▓▓▓░░░▒▒▒▒░░░▓▓▓▓▒
                 ▓▓▒▒▒▓▓▓▓▓▓▓▓▓▓▓▓▒▒▒▓▓
                 ▓▓░░░░░▒▓▓▓▓▓▓▒░░░░░▓▓
                 ▓▓░░▓▓▒░░░▒▒░░░▒▓▒░░▓▓
                 ▓▓░░▓▓▓▓▓▒▒▒▒▓▓▓▓▒░░▓▓
                 ▓▓░░▓▓▓▓▓▓▓▓▓▓▓▓▓▒░░▓▓
                 ▓▓▒░░▒▒▓▓▓▓▓▓▓▓▒░░░▒▓▓
                  ▒▓▓▓▒░░░▒▓▓▒░░░▒▓▓▓▒
                     ▒▓▓▓▒░░░░▒▓▓▓▒
                        ▒▒▓▓▓▓▒▒


 WARN  the transform cache was reset.
                Welcome to Metro v0.83.4
              Fast - Scalable - Integrated



> Task :app:mergeBenchmarkNativeLibs

> Task :app:createBundleBenchmarkJsAndAssets
transform[stderr]: (node:76891) Warning: The 'NO_COLOR' env is ignored due to the 'FORCE_COLOR' env being set.
transform[stderr]: (Use `node --trace-warnings ...` to show where the warning was created)
transform[stderr]: (node:76895) Warning: The 'NO_COLOR' env is ignored due to the 'FORCE_COLOR' env being set.
transform[stderr]: (Use `node --trace-warnings ...` to show where the warning was created)
transform[stderr]: (node:76894) Warning: The 'NO_COLOR' env is ignored due to the 'FORCE_COLOR' env being set.
transform[stderr]: (Use `node --trace-warnings ...` to show where the warning was created)
transform[stderr]: (node:76892) Warning: The 'NO_COLOR' env is ignored due to the 'FORCE_COLOR' env being set.
transform[stderr]: (Use `node --trace-warnings ...` to show where the warning was created)
transform[stderr]: (node:76893) Warning: The 'NO_COLOR' env is ignored due to the 'FORCE_COLOR' env being set.
transform[stderr]: (Use `node --trace-warnings ...` to show where the warning was created)
transform[stderr]: (node:76896) Warning: The 'NO_COLOR' env is ignored due to the 'FORCE_COLOR' env being set.
transform[stderr]: (Use `node --trace-warnings ...` to show where the warning was created)
LOG:Writing bundle output to: /Users/romarich/Desktop/Projet_perso/Football_apps/Mobile_Foot/android/app/build/generated/assets/react/benchmark/index.android.bundle
LOG:Writing sourcemap output to: /Users/romarich/Desktop/Projet_perso/Football_apps/Mobile_Foot/android/app/build/intermediates/sourcemaps/react/benchmark/index.android.bundle.packager.map
LOG:Done writing bundle output
LOG:Done writing sourcemap output
Copying 38 asset files
Done copying assets

> Task :app:generateBenchmarkResValues UP-TO-DATE
> Task :app:processBenchmarkGoogleServices UP-TO-DATE
> Task :app:mapBenchmarkSourceSetPaths UP-TO-DATE
> Task :app:generateBenchmarkResources UP-TO-DATE
> Task :app:mergeBenchmarkResources UP-TO-DATE
> Task :app:packageBenchmarkResources UP-TO-DATE
> Task :app:parseBenchmarkLocalResources UP-TO-DATE
> Task :app:createBenchmarkCompatibleScreenManifests UP-TO-DATE
> Task :app:extractDeepLinksBenchmark
> Task :react-native-async-storage_async-storage:extractDeepLinksRelease UP-TO-DATE
> Task :react-native-async-storage_async-storage:processReleaseManifest UP-TO-DATE
> Task :react-native-background-fetch:extractDeepLinksRelease UP-TO-DATE
> Task :react-native-background-fetch:processReleaseManifest UP-TO-DATE
> Task :react-native-community_netinfo:extractDeepLinksRelease UP-TO-DATE
> Task :react-native-community_netinfo:processReleaseManifest UP-TO-DATE
> Task :react-native-config:extractDeepLinksRelease UP-TO-DATE
> Task :react-native-config:processReleaseManifest UP-TO-DATE
> Task :react-native-device-info:extractDeepLinksRelease UP-TO-DATE
> Task :react-native-device-info:processReleaseManifest UP-TO-DATE
> Task :react-native-gesture-handler:extractDeepLinksRelease UP-TO-DATE
> Task :react-native-gesture-handler:processReleaseManifest UP-TO-DATE
> Task :react-native-in-app-review:extractDeepLinksRelease UP-TO-DATE
> Task :react-native-in-app-review:processReleaseManifest UP-TO-DATE
> Task :react-native-keychain:extractDeepLinksRelease UP-TO-DATE
> Task :react-native-keychain:processReleaseManifest UP-TO-DATE
> Task :react-native-localize:extractDeepLinksRelease UP-TO-DATE
> Task :react-native-localize:processReleaseManifest UP-TO-DATE
> Task :react-native-permissions:extractDeepLinksRelease UP-TO-DATE
> Task :react-native-permissions:processReleaseManifest UP-TO-DATE
> Task :react-native-reanimated:extractDeepLinksRelease UP-TO-DATE
> Task :react-native-reanimated:processReleaseManifest UP-TO-DATE
> Task :react-native-safe-area-context:extractDeepLinksRelease UP-TO-DATE
> Task :react-native-safe-area-context:processReleaseManifest UP-TO-DATE
> Task :react-native-screens:extractDeepLinksRelease UP-TO-DATE
> Task :react-native-screens:processReleaseManifest UP-TO-DATE
> Task :react-native-ssl-public-key-pinning:extractDeepLinksRelease UP-TO-DATE
> Task :react-native-ssl-public-key-pinning:processReleaseManifest UP-TO-DATE
> Task :react-native-svg:extractDeepLinksRelease UP-TO-DATE
> Task :react-native-svg:processReleaseManifest UP-TO-DATE
> Task :react-native-vector-icons:extractDeepLinksRelease UP-TO-DATE
> Task :react-native-vector-icons:processReleaseManifest UP-TO-DATE
> Task :react-native-worklets:extractDeepLinksRelease UP-TO-DATE
> Task :react-native-worklets:processReleaseManifest UP-TO-DATE
> Task :app:processBenchmarkMainManifest
> Task :app:processBenchmarkManifest
> Task :react-native-async-storage_async-storage:bundleLibCompileToJarRelease UP-TO-DATE
> Task :react-native-background-fetch:bundleLibCompileToJarRelease UP-TO-DATE
> Task :react-native-community_netinfo:bundleLibCompileToJarRelease
> Task :react-native-device-info:bundleLibCompileToJarRelease
> Task :react-native-config:bundleLibCompileToJarRelease
> Task :react-native-in-app-review:bundleLibCompileToJarRelease
> Task :react-native-localize:bundleLibCompileToJarRelease
> Task :react-native-permissions:bundleLibCompileToJarRelease
> Task :react-native-gesture-handler:bundleLibCompileToJarRelease
> Task :app:processBenchmarkManifestForPackage
> Task :react-native-keychain:bundleLibCompileToJarRelease
> Task :react-native-safe-area-context:bundleLibCompileToJarRelease
> Task :react-native-ssl-public-key-pinning:bundleLibCompileToJarRelease
> Task :react-native-screens:bundleLibCompileToJarRelease
> Task :react-native-vector-icons:bundleLibCompileToJarRelease
> Task :app:javaPreCompileBenchmark
> Task :react-native-async-storage_async-storage:prepareReleaseArtProfile
> Task :react-native-background-fetch:prepareReleaseArtProfile
> Task :react-native-community_netinfo:prepareReleaseArtProfile
> Task :react-native-config:prepareReleaseArtProfile
> Task :react-native-device-info:prepareReleaseArtProfile
> Task :react-native-gesture-handler:prepareReleaseArtProfile
> Task :react-native-in-app-review:prepareReleaseArtProfile
> Task :react-native-keychain:prepareReleaseArtProfile
> Task :react-native-localize:prepareReleaseArtProfile
> Task :react-native-permissions:prepareReleaseArtProfile
> Task :react-native-reanimated:prepareReleaseArtProfile
> Task :react-native-safe-area-context:prepareReleaseArtProfile
> Task :react-native-screens:prepareReleaseArtProfile
> Task :react-native-ssl-public-key-pinning:prepareReleaseArtProfile
> Task :react-native-svg:prepareReleaseArtProfile
> Task :react-native-vector-icons:prepareReleaseArtProfile
> Task :react-native-worklets:prepareReleaseArtProfile
> Task :app:stripBenchmarkDebugSymbols
> Task :app:mergeBenchmarkArtProfile
> Task :react-native-async-storage_async-storage:bundleLibRuntimeToJarRelease
> Task :react-native-background-fetch:bundleLibRuntimeToJarRelease
> Task :react-native-community_netinfo:bundleLibRuntimeToJarRelease
> Task :react-native-config:bundleLibRuntimeToJarRelease
> Task :react-native-device-info:bundleLibRuntimeToJarRelease
> Task :react-native-in-app-review:bundleLibRuntimeToJarRelease
> Task :react-native-localize:bundleLibRuntimeToJarRelease
> Task :react-native-gesture-handler:bundleLibRuntimeToJarRelease
> Task :react-native-keychain:bundleLibRuntimeToJarRelease
> Task :react-native-permissions:bundleLibRuntimeToJarRelease
> Task :react-native-safe-area-context:bundleLibRuntimeToJarRelease
> Task :react-native-reanimated:bundleLibRuntimeToJarRelease
> Task :react-native-ssl-public-key-pinning:bundleLibRuntimeToJarRelease
> Task :react-native-vector-icons:bundleLibRuntimeToJarRelease
> Task :react-native-worklets:bundleLibRuntimeToJarRelease
> Task :app:extractProguardFiles
> Task :react-native-async-storage_async-storage:processReleaseJavaRes NO-SOURCE
> Task :react-native-background-fetch:processReleaseJavaRes NO-SOURCE
> Task :react-native-community_netinfo:processReleaseJavaRes NO-SOURCE
> Task :react-native-config:processReleaseJavaRes NO-SOURCE
> Task :react-native-device-info:processReleaseJavaRes NO-SOURCE
> Task :react-native-screens:bundleLibRuntimeToJarRelease
> Task :react-native-gesture-handler:processReleaseJavaRes
> Task :react-native-in-app-review:processReleaseJavaRes NO-SOURCE
> Task :react-native-keychain:processReleaseJavaRes
> Task :react-native-localize:processReleaseJavaRes
> Task :react-native-permissions:processReleaseJavaRes
> Task :react-native-reanimated:processReleaseJavaRes NO-SOURCE
> Task :react-native-safe-area-context:processReleaseJavaRes
> Task :react-native-svg:bundleLibRuntimeToJarRelease
> Task :react-native-screens:processReleaseJavaRes
> Task :react-native-ssl-public-key-pinning:processReleaseJavaRes NO-SOURCE
> Task :react-native-svg:processReleaseJavaRes NO-SOURCE
> Task :react-native-vector-icons:processReleaseJavaRes NO-SOURCE
> Task :react-native-worklets:processReleaseJavaRes NO-SOURCE
> Task :app:mergeBenchmarkStartupProfile
> Task :app:mergeBenchmarkShaders
> Task :app:compileBenchmarkShaders NO-SOURCE
> Task :app:copyReactNativeVectorIconFonts UP-TO-DATE
> Task :app:generateBenchmarkAssets UP-TO-DATE
> Task :react-native-async-storage_async-storage:mergeReleaseShaders
> Task :react-native-async-storage_async-storage:compileReleaseShaders NO-SOURCE
> Task :react-native-async-storage_async-storage:generateReleaseAssets UP-TO-DATE
> Task :react-native-async-storage_async-storage:mergeReleaseAssets
> Task :react-native-background-fetch:mergeReleaseShaders
> Task :react-native-background-fetch:compileReleaseShaders NO-SOURCE
> Task :react-native-background-fetch:generateReleaseAssets UP-TO-DATE
> Task :react-native-background-fetch:mergeReleaseAssets
> Task :app:extractBenchmarkNativeSymbolTables
> Task :react-native-community_netinfo:mergeReleaseShaders
> Task :react-native-community_netinfo:compileReleaseShaders NO-SOURCE
> Task :react-native-community_netinfo:generateReleaseAssets UP-TO-DATE
> Task :react-native-community_netinfo:mergeReleaseAssets
> Task :react-native-config:mergeReleaseShaders
> Task :react-native-config:compileReleaseShaders NO-SOURCE
> Task :react-native-config:generateReleaseAssets UP-TO-DATE
> Task :react-native-config:mergeReleaseAssets
> Task :react-native-device-info:mergeReleaseShaders
> Task :react-native-device-info:compileReleaseShaders NO-SOURCE
> Task :react-native-device-info:generateReleaseAssets UP-TO-DATE
> Task :react-native-device-info:mergeReleaseAssets
> Task :react-native-gesture-handler:mergeReleaseShaders
> Task :react-native-gesture-handler:compileReleaseShaders NO-SOURCE
> Task :react-native-gesture-handler:generateReleaseAssets UP-TO-DATE
> Task :react-native-gesture-handler:mergeReleaseAssets
> Task :react-native-in-app-review:mergeReleaseShaders
> Task :react-native-in-app-review:compileReleaseShaders NO-SOURCE
> Task :react-native-in-app-review:generateReleaseAssets UP-TO-DATE
> Task :react-native-in-app-review:mergeReleaseAssets
> Task :react-native-keychain:mergeReleaseShaders
> Task :react-native-keychain:compileReleaseShaders NO-SOURCE
> Task :react-native-keychain:generateReleaseAssets UP-TO-DATE
> Task :react-native-keychain:mergeReleaseAssets
> Task :react-native-localize:mergeReleaseShaders
> Task :react-native-localize:compileReleaseShaders NO-SOURCE
> Task :react-native-localize:generateReleaseAssets UP-TO-DATE
> Task :react-native-localize:mergeReleaseAssets
> Task :react-native-permissions:mergeReleaseShaders
> Task :react-native-permissions:compileReleaseShaders NO-SOURCE
> Task :react-native-permissions:generateReleaseAssets UP-TO-DATE
> Task :react-native-permissions:mergeReleaseAssets
> Task :react-native-reanimated:mergeReleaseShaders
> Task :react-native-reanimated:compileReleaseShaders NO-SOURCE
> Task :react-native-reanimated:generateReleaseAssets UP-TO-DATE
> Task :react-native-reanimated:mergeReleaseAssets
> Task :react-native-safe-area-context:mergeReleaseShaders
> Task :react-native-safe-area-context:compileReleaseShaders NO-SOURCE
> Task :react-native-safe-area-context:generateReleaseAssets UP-TO-DATE
> Task :react-native-safe-area-context:mergeReleaseAssets
> Task :react-native-screens:mergeReleaseShaders
> Task :react-native-screens:compileReleaseShaders NO-SOURCE
> Task :react-native-screens:generateReleaseAssets UP-TO-DATE
> Task :react-native-screens:mergeReleaseAssets
> Task :react-native-ssl-public-key-pinning:mergeReleaseShaders
> Task :react-native-ssl-public-key-pinning:compileReleaseShaders NO-SOURCE
> Task :react-native-ssl-public-key-pinning:generateReleaseAssets UP-TO-DATE
> Task :react-native-ssl-public-key-pinning:mergeReleaseAssets
> Task :react-native-svg:mergeReleaseShaders
> Task :react-native-svg:compileReleaseShaders NO-SOURCE
> Task :react-native-svg:generateReleaseAssets UP-TO-DATE
> Task :react-native-svg:mergeReleaseAssets
> Task :react-native-vector-icons:mergeReleaseShaders
> Task :react-native-vector-icons:compileReleaseShaders NO-SOURCE
> Task :react-native-vector-icons:generateReleaseAssets UP-TO-DATE
> Task :react-native-vector-icons:mergeReleaseAssets
> Task :react-native-worklets:mergeReleaseShaders
> Task :react-native-worklets:compileReleaseShaders NO-SOURCE
> Task :react-native-worklets:generateReleaseAssets UP-TO-DATE
> Task :react-native-worklets:mergeReleaseAssets
> Task :app:mergeBenchmarkAssets
> Task :app:extractBenchmarkVersionControlInfo
> Task :react-native-async-storage_async-storage:createFullJarRelease
> Task :react-native-async-storage_async-storage:extractProguardFiles
> Task :app:compressBenchmarkAssets
> Task :app:processBenchmarkResources
> Task :react-native-async-storage_async-storage:generateReleaseLintModel
> Task :react-native-async-storage_async-storage:prepareLintJarForPublish UP-TO-DATE
> Task :react-native-background-fetch:createFullJarRelease
> Task :react-native-background-fetch:extractProguardFiles
> Task :react-native-background-fetch:generateReleaseLintModel
> Task :react-native-background-fetch:prepareLintJarForPublish UP-TO-DATE
> Task :react-native-community_netinfo:createFullJarRelease
> Task :react-native-community_netinfo:extractProguardFiles
> Task :react-native-community_netinfo:generateReleaseLintModel
> Task :react-native-community_netinfo:prepareLintJarForPublish UP-TO-DATE
> Task :react-native-config:createFullJarRelease
> Task :react-native-config:extractProguardFiles
> Task :react-native-config:generateReleaseLintModel
> Task :react-native-config:prepareLintJarForPublish UP-TO-DATE
> Task :react-native-device-info:createFullJarRelease
> Task :react-native-device-info:extractProguardFiles
> Task :react-native-device-info:generateReleaseLintModel
> Task :react-native-device-info:prepareLintJarForPublish UP-TO-DATE
> Task :react-native-gesture-handler:createFullJarRelease
> Task :react-native-gesture-handler:extractProguardFiles
> Task :react-native-reanimated:createFullJarRelease
> Task :react-native-reanimated:extractProguardFiles
> Task :react-native-worklets:createFullJarRelease
> Task :react-native-worklets:extractProguardFiles
> Task :react-native-worklets:generateReleaseLintModel
> Task :react-native-worklets:prepareLintJarForPublish UP-TO-DATE
> Task :react-native-reanimated:generateReleaseLintModel
> Task :react-native-reanimated:prepareLintJarForPublish UP-TO-DATE
> Task :react-native-svg:createFullJarRelease
> Task :react-native-svg:extractProguardFiles
> Task :react-native-svg:generateReleaseLintModel
> Task :react-native-svg:prepareLintJarForPublish UP-TO-DATE
> Task :react-native-gesture-handler:generateReleaseLintModel
> Task :react-native-gesture-handler:prepareLintJarForPublish UP-TO-DATE
> Task :react-native-in-app-review:createFullJarRelease
> Task :react-native-in-app-review:extractProguardFiles
> Task :react-native-in-app-review:generateReleaseLintModel
> Task :react-native-in-app-review:prepareLintJarForPublish UP-TO-DATE
> Task :react-native-keychain:createFullJarRelease
> Task :react-native-keychain:extractProguardFiles
> Task :react-native-keychain:generateReleaseLintModel
> Task :react-native-keychain:prepareLintJarForPublish UP-TO-DATE
> Task :react-native-localize:createFullJarRelease
> Task :react-native-localize:extractProguardFiles
> Task :react-native-localize:generateReleaseLintModel
> Task :react-native-localize:prepareLintJarForPublish UP-TO-DATE
> Task :react-native-permissions:createFullJarRelease
> Task :react-native-permissions:extractProguardFiles
> Task :react-native-permissions:generateReleaseLintModel
> Task :react-native-permissions:prepareLintJarForPublish UP-TO-DATE
> Task :react-native-safe-area-context:createFullJarRelease
> Task :react-native-safe-area-context:extractProguardFiles
> Task :react-native-safe-area-context:generateReleaseLintModel
> Task :react-native-safe-area-context:prepareLintJarForPublish UP-TO-DATE
> Task :react-native-screens:createFullJarRelease
> Task :react-native-screens:extractProguardFiles
> Task :react-native-screens:generateReleaseLintModel
> Task :react-native-screens:prepareLintJarForPublish UP-TO-DATE
> Task :react-native-ssl-public-key-pinning:createFullJarRelease
> Task :react-native-ssl-public-key-pinning:extractProguardFiles
> Task :react-native-ssl-public-key-pinning:generateReleaseLintModel
> Task :react-native-ssl-public-key-pinning:prepareLintJarForPublish UP-TO-DATE
> Task :react-native-vector-icons:createFullJarRelease
> Task :react-native-vector-icons:extractProguardFiles
> Task :react-native-vector-icons:generateReleaseLintModel
> Task :react-native-vector-icons:prepareLintJarForPublish UP-TO-DATE
> Task :react-native-gesture-handler:extractDeepLinksForAarRelease
> Task :react-native-gesture-handler:extractReleaseAnnotations
> Task :react-native-gesture-handler:mergeReleaseConsumerProguardFiles
> Task :react-native-gesture-handler:stripReleaseDebugSymbols
> Task :react-native-keychain:stripReleaseDebugSymbols NO-SOURCE
> Task :react-native-keychain:copyReleaseJniLibsProjectAndLocalJars
> Task :react-native-keychain:extractDeepLinksForAarRelease
> Task :react-native-gesture-handler:copyReleaseJniLibsProjectAndLocalJars
> Task :react-native-keychain:extractReleaseAnnotations
> Task :react-native-keychain:mergeReleaseConsumerProguardFiles
> Task :react-native-localize:stripReleaseDebugSymbols NO-SOURCE
> Task :react-native-localize:copyReleaseJniLibsProjectAndLocalJars
> Task :react-native-localize:extractDeepLinksForAarRelease
> Task :react-native-localize:extractReleaseAnnotations
> Task :react-native-localize:mergeReleaseConsumerProguardFiles
> Task :react-native-permissions:stripReleaseDebugSymbols NO-SOURCE
> Task :react-native-permissions:copyReleaseJniLibsProjectAndLocalJars
> Task :react-native-permissions:extractDeepLinksForAarRelease
> Task :react-native-permissions:extractReleaseAnnotations
> Task :react-native-permissions:mergeReleaseConsumerProguardFiles
> Task :react-native-safe-area-context:stripReleaseDebugSymbols NO-SOURCE
> Task :react-native-safe-area-context:copyReleaseJniLibsProjectAndLocalJars
> Task :react-native-safe-area-context:extractDeepLinksForAarRelease
> Task :react-native-safe-area-context:extractReleaseAnnotations
> Task :react-native-safe-area-context:mergeReleaseConsumerProguardFiles
> Task :react-native-keychain:mergeReleaseJavaResource
> Task :react-native-localize:mergeReleaseJavaResource
> Task :react-native-permissions:mergeReleaseJavaResource
> Task :react-native-gesture-handler:mergeReleaseJavaResource
> Task :react-native-safe-area-context:mergeReleaseJavaResource
> Task :react-native-keychain:syncReleaseLibJars
> Task :react-native-screens:stripReleaseDebugSymbols
> Task :react-native-gesture-handler:syncReleaseLibJars
> Task :react-native-gesture-handler:bundleReleaseLocalLintAar
> Task :react-native-keychain:bundleReleaseLocalLintAar
> Task :react-native-localize:syncReleaseLibJars
> Task :react-native-localize:bundleReleaseLocalLintAar
> Task :react-native-permissions:syncReleaseLibJars
> Task :react-native-permissions:bundleReleaseLocalLintAar
> Task :react-native-safe-area-context:syncReleaseLibJars
> Task :react-native-safe-area-context:bundleReleaseLocalLintAar
> Task :react-native-screens:extractDeepLinksForAarRelease
> Task :react-native-screens:copyReleaseJniLibsProjectAndLocalJars
> Task :react-native-screens:extractReleaseAnnotations
> Task :react-native-screens:mergeReleaseConsumerProguardFiles
> Task :react-native-async-storage_async-storage:stripReleaseDebugSymbols NO-SOURCE
> Task :react-native-screens:mergeReleaseJavaResource
> Task :react-native-async-storage_async-storage:copyReleaseJniLibsProjectAndLocalJars
> Task :react-native-screens:syncReleaseLibJars
> Task :react-native-screens:bundleReleaseLocalLintAar
> Task :react-native-async-storage_async-storage:extractDeepLinksForAarRelease
> Task :react-native-async-storage_async-storage:extractReleaseAnnotations
> Task :react-native-async-storage_async-storage:mergeReleaseConsumerProguardFiles
> Task :react-native-community_netinfo:stripReleaseDebugSymbols NO-SOURCE
> Task :react-native-community_netinfo:copyReleaseJniLibsProjectAndLocalJars
> Task :react-native-async-storage_async-storage:mergeReleaseJavaResource
> Task :react-native-community_netinfo:extractDeepLinksForAarRelease
> Task :react-native-async-storage_async-storage:syncReleaseLibJars
> Task :react-native-async-storage_async-storage:bundleReleaseLocalLintAar
> Task :react-native-community_netinfo:extractReleaseAnnotations
> Task :react-native-community_netinfo:mergeReleaseConsumerProguardFiles
> Task :react-native-background-fetch:stripReleaseDebugSymbols NO-SOURCE
> Task :react-native-community_netinfo:mergeReleaseJavaResource
> Task :react-native-background-fetch:copyReleaseJniLibsProjectAndLocalJars
> Task :react-native-community_netinfo:syncReleaseLibJars
> Task :react-native-community_netinfo:bundleReleaseLocalLintAar
> Task :react-native-background-fetch:extractDeepLinksForAarRelease
> Task :react-native-background-fetch:extractReleaseAnnotations
> Task :react-native-background-fetch:mergeReleaseConsumerProguardFiles
> Task :react-native-config:stripReleaseDebugSymbols NO-SOURCE
> Task :react-native-background-fetch:mergeReleaseJavaResource
> Task :react-native-config:copyReleaseJniLibsProjectAndLocalJars
> Task :react-native-config:extractDeepLinksForAarRelease
> Task :react-native-background-fetch:syncReleaseLibJars
> Task :app:compileBenchmarkKotlin
> Task :react-native-background-fetch:bundleReleaseLocalLintAar
> Task :app:mergeBenchmarkNativeDebugMetadata
> Task :app:compileBenchmarkJavaWithJavac
> Task :app:mergeBenchmarkGeneratedProguardFiles
> Task :app:processBenchmarkJavaRes
> Task :app:generateBenchmarkLintVitalReportModel
> Task :react-native-config:extractReleaseAnnotations
> Task :react-native-config:mergeReleaseConsumerProguardFiles
> Task :react-native-device-info:stripReleaseDebugSymbols NO-SOURCE
> Task :react-native-config:mergeReleaseJavaResource
> Task :react-native-device-info:copyReleaseJniLibsProjectAndLocalJars
> Task :react-native-config:syncReleaseLibJars
> Task :react-native-config:bundleReleaseLocalLintAar
> Task :react-native-device-info:extractDeepLinksForAarRelease
> Task :react-native-device-info:extractReleaseAnnotations
> Task :react-native-device-info:mergeReleaseConsumerProguardFiles
> Task :react-native-in-app-review:stripReleaseDebugSymbols NO-SOURCE
> Task :react-native-device-info:mergeReleaseJavaResource
> Task :react-native-in-app-review:copyReleaseJniLibsProjectAndLocalJars
> Task :react-native-device-info:syncReleaseLibJars
> Task :react-native-device-info:bundleReleaseLocalLintAar
> Task :react-native-in-app-review:extractDeepLinksForAarRelease
> Task :react-native-in-app-review:extractReleaseAnnotations
> Task :react-native-in-app-review:mergeReleaseConsumerProguardFiles
> Task :react-native-in-app-review:mergeReleaseJavaResource
> Task :react-native-reanimated:extractDeepLinksForAarRelease
> Task :react-native-in-app-review:syncReleaseLibJars
> Task :react-native-in-app-review:bundleReleaseLocalLintAar
> Task :react-native-reanimated:extractReleaseAnnotations
> Task :react-native-reanimated:mergeReleaseConsumerProguardFiles
> Task :react-native-ssl-public-key-pinning:stripReleaseDebugSymbols NO-SOURCE
> Task :react-native-reanimated:mergeReleaseJavaResource
> Task :app:expandBenchmarkArtProfileWildcards
> Task :app:mergeBenchmarkJavaResource
> Task :react-native-reanimated:stripReleaseDebugSymbols
> Task :react-native-ssl-public-key-pinning:copyReleaseJniLibsProjectAndLocalJars
> Task :react-native-reanimated:syncReleaseLibJars
> Task :react-native-ssl-public-key-pinning:extractDeepLinksForAarRelease
> Task :react-native-ssl-public-key-pinning:extractReleaseAnnotations
> Task :react-native-ssl-public-key-pinning:mergeReleaseConsumerProguardFiles
> Task :react-native-svg:stripReleaseDebugSymbols NO-SOURCE
> Task :react-native-ssl-public-key-pinning:mergeReleaseJavaResource
> Task :react-native-svg:copyReleaseJniLibsProjectAndLocalJars
> Task :react-native-svg:extractDeepLinksForAarRelease
> Task :react-native-ssl-public-key-pinning:syncReleaseLibJars
> Task :react-native-ssl-public-key-pinning:bundleReleaseLocalLintAar
> Task :react-native-svg:extractReleaseAnnotations
> Task :react-native-svg:mergeReleaseConsumerProguardFiles
> Task :react-native-vector-icons:stripReleaseDebugSymbols NO-SOURCE
> Task :react-native-vector-icons:copyReleaseJniLibsProjectAndLocalJars
> Task :react-native-vector-icons:extractDeepLinksForAarRelease
> Task :react-native-svg:mergeReleaseJavaResource
> Task :react-native-vector-icons:extractReleaseAnnotations
> Task :react-native-svg:syncReleaseLibJars
> Task :react-native-svg:bundleReleaseLocalLintAar
> Task :react-native-vector-icons:mergeReleaseConsumerProguardFiles
> Task :react-native-vector-icons:mergeReleaseJavaResource
> Task :react-native-vector-icons:syncReleaseLibJars
> Task :react-native-vector-icons:bundleReleaseLocalLintAar
> Task :react-native-worklets:stripReleaseDebugSymbols
> Task :react-native-worklets:extractDeepLinksForAarRelease
> Task :react-native-reanimated:copyReleaseJniLibsProjectAndLocalJars
> Task :react-native-worklets:copyReleaseJniLibsProjectAndLocalJars
> Task :react-native-reanimated:bundleReleaseLocalLintAar
> Task :react-native-worklets:extractReleaseAnnotations
> Task :react-native-worklets:mergeReleaseConsumerProguardFiles
> Task :react-native-worklets:mergeReleaseJavaResource
> Task :react-native-worklets:syncReleaseLibJars
> Task :react-native-worklets:bundleReleaseLocalLintAar
> Task :react-native-async-storage_async-storage:writeReleaseLintModelMetadata
> Task :react-native-background-fetch:writeReleaseLintModelMetadata
> Task :react-native-community_netinfo:writeReleaseLintModelMetadata
> Task :react-native-config:writeReleaseLintModelMetadata
> Task :react-native-device-info:writeReleaseLintModelMetadata
> Task :react-native-reanimated:writeReleaseLintModelMetadata
> Task :react-native-svg:writeReleaseLintModelMetadata
> Task :react-native-worklets:writeReleaseLintModelMetadata
> Task :react-native-gesture-handler:writeReleaseLintModelMetadata
> Task :react-native-in-app-review:writeReleaseLintModelMetadata
> Task :react-native-keychain:writeReleaseLintModelMetadata
> Task :react-native-localize:writeReleaseLintModelMetadata
> Task :react-native-permissions:writeReleaseLintModelMetadata
> Task :react-native-safe-area-context:writeReleaseLintModelMetadata
> Task :react-native-screens:writeReleaseLintModelMetadata
> Task :react-native-ssl-public-key-pinning:writeReleaseLintModelMetadata
> Task :react-native-vector-icons:writeReleaseLintModelMetadata
> Task :react-native-async-storage_async-storage:generateReleaseLintVitalModel
> Task :react-native-background-fetch:generateReleaseLintVitalModel
> Task :react-native-community_netinfo:generateReleaseLintVitalModel
> Task :react-native-config:generateReleaseLintVitalModel
> Task :react-native-device-info:generateReleaseLintVitalModel
> Task :react-native-gesture-handler:generateReleaseLintVitalModel
> Task :react-native-in-app-review:generateReleaseLintVitalModel
> Task :react-native-keychain:generateReleaseLintVitalModel
> Task :react-native-localize:generateReleaseLintVitalModel
> Task :react-native-permissions:generateReleaseLintVitalModel
> Task :react-native-reanimated:generateReleaseLintVitalModel
> Task :react-native-safe-area-context:generateReleaseLintVitalModel
> Task :react-native-screens:generateReleaseLintVitalModel
> Task :react-native-ssl-public-key-pinning:generateReleaseLintVitalModel
> Task :react-native-svg:generateReleaseLintVitalModel
> Task :react-native-vector-icons:generateReleaseLintVitalModel
> Task :react-native-worklets:generateReleaseLintVitalModel
> Task :app:collectBenchmarkDependencies
> Task :app:sdkBenchmarkDependencyData
> Task :app:validateSigningBenchmark
> Task :app:writeBenchmarkAppMetadata
> Task :app:writeBenchmarkSigningConfigVersions
> Task :react-native-background-fetch:lintVitalAnalyzeRelease
> Task :react-native-community_netinfo:lintVitalAnalyzeRelease
> Task :react-native-async-storage_async-storage:lintVitalAnalyzeRelease
> Task :react-native-config:lintVitalAnalyzeRelease
> Task :react-native-in-app-review:lintVitalAnalyzeRelease
> Task :react-native-device-info:lintVitalAnalyzeRelease
> Task :react-native-localize:lintVitalAnalyzeRelease
> Task :react-native-keychain:lintVitalAnalyzeRelease
> Task :react-native-permissions:lintVitalAnalyzeRelease
> Task :react-native-reanimated:lintVitalAnalyzeRelease
> Task :app:minifyBenchmarkWithR8
> Task :react-native-gesture-handler:lintVitalAnalyzeRelease
> Task :react-native-safe-area-context:lintVitalAnalyzeRelease
> Task :react-native-ssl-public-key-pinning:lintVitalAnalyzeRelease
> Task :react-native-svg:lintVitalAnalyzeRelease
> Task :react-native-vector-icons:lintVitalAnalyzeRelease
> Task :react-native-worklets:lintVitalAnalyzeRelease
> Task :react-native-screens:lintVitalAnalyzeRelease
> Task :app:lintVitalAnalyzeBenchmark
> Task :app:lintVitalReportBenchmark
> Task :app:lintVitalBenchmark
> Task :app:convertShrunkResourcesToBinaryBenchmark
> Task :app:compileBenchmarkArtProfile
> Task :app:optimizeBenchmarkResources
> Task :app:packageBenchmark
> Task :app:createBenchmarkApkListingFileRedirect
> Task :app:assembleBenchmark

[Incubating] Problems report is available at: file:///Users/romarich/Desktop/Projet_perso/Football_apps/Mobile_Foot/android/build/reports/problems/problems-report.html

Deprecated Gradle features were used in this build, making it incompatible with Gradle 9.0.

You can use '--warning-mode all' to show the individual deprecation warnings and determine if they come from your own scripts or plugins.

For more on this, please refer to https://docs.gradle.org/8.13/userguide/command_line_interface.html#sec:command_line_warnings in the Gradle documentation.

BUILD SUCCESSFUL in 7m 30s
743 actionable tasks: 438 executed, 305 up-to-date
[perf] apk_path=android/app/build/outputs/apk/benchmark/app-benchmark.apk
[perf] installing benchmark APK
Performing Streamed Install
Success
[perf] done
